2024-11-29 01:26:00,926 - INFO - Preço encontrado para AR8TLC8aBW6iHPFcZ3fAUWHYEgQG97ve9D9w5cKgpump às 19:50: 114811.12083108163
2024-11-29 01:26:00,939 - INFO - Preço encontrado para 8DzoCht5SXd4Aj1fLrc8VPBe7m1JPGpfZ14ZBGsVpump às 19:50: 145085.7706620444
2024-11-29 01:26:00,950 - INFO - Preço encontrado para DiqPACXXcNGHXoorKHvGWEWNQUuCrsx1RcbBG3xYpump às 19:34: 173888.684816256
2024-11-29 01:26:00,951 - INFO - Preço encontrado para 7HSwks4UL5TzxerzWYMQdeKqpahcdv47jRk3MYp1pump às 19:19: 634439.9948269026
2024-11-29 01:26:00,952 - INFO - Preço encontrado para EYE4zSgKaLDL51WtEZxgBLepoSTVAASiT1TKmNopump às 19:19: 162890.28977238265
2024-11-29 01:26:00,954 - INFO - Preço encontrado para Gn4iCyum1gs3CzrwxjcsN9AfCCU3HNQ9HSawaKoXpump às 19:19: 296623.6380082961
2024-11-29 01:26:00,955 - INFO - Preço encontrado para 8ayZaoAZGUejEqgaKG1pQ8upy8iXhDdevgCZAHodpump às 19:19: 574305.2997170109
2024-11-29 01:26:00,957 - INFO - Preço encontrado para ADhi4ymjq6pNxZftUkwTg8XYbyphp8DjgTHbKMr1pump às 19:19: 136757.5576551436
2024-11-29 01:26:00,958 - INFO - Preço encontrado para Hj8tfLPmbcaRUHjNPSFLsju9zBDn3s15JJzd6AmqkTvP às 19:00: 61496272.813020244
2024-11-29 01:27:52,956 - INFO - Contrato AR8TLC8aBW6iHPFcZ3fAUWHYEgQG97ve9D9w5cKgpump: Preço na hora 19:50: 114811.12083108163, ATH: 286121.44819360564
2024-11-29 01:27:52,972 - INFO - Contrato 8DzoCht5SXd4Aj1fLrc8VPBe7m1JPGpfZ14ZBGsVpump: Preço na hora 19:50: 145085.7706620444, ATH: 232905.82874638776
2024-11-29 01:27:52,987 - INFO - Contrato DiqPACXXcNGHXoorKHvGWEWNQUuCrsx1RcbBG3xYpump: Preço na hora 19:34: 173888.684816256, ATH: 642089.9699990223
2024-11-29 01:27:52,991 - INFO - Contrato 7HSwks4UL5TzxerzWYMQdeKqpahcdv47jRk3MYp1pump: Preço na hora 19:19: 634439.9948269026, ATH: 1124709.056169038
2024-11-29 01:27:52,997 - INFO - Contrato EYE4zSgKaLDL51WtEZxgBLepoSTVAASiT1TKmNopump: Preço na hora 19:19: 162890.28977238265, ATH: 326538.8324636984
2024-11-29 01:27:53,003 - INFO - Contrato Gn4iCyum1gs3CzrwxjcsN9AfCCU3HNQ9HSawaKoXpump: Preço na hora 19:19: 296623.6380082961, ATH: 757454.2051146436
2024-11-29 01:27:53,009 - INFO - Contrato 8ayZaoAZGUejEqgaKG1pQ8upy8iXhDdevgCZAHodpump: Preço na hora 19:19: 574305.2997170109, ATH: 1322450.0372893317
2024-11-29 01:27:53,017 - INFO - Contrato ADhi4ymjq6pNxZftUkwTg8XYbyphp8DjgTHbKMr1pump: Preço na hora 19:19: 136757.5576551436, ATH: 419315.62572390435
2024-11-29 01:27:53,026 - INFO - Contrato Hj8tfLPmbcaRUHjNPSFLsju9zBDn3s15JJzd6AmqkTvP: Preço na hora 19:00: 61496272.813020244, ATH: 80953958.45303167
2024-11-29 01:30:53,530 - INFO - Contrato AR8TLC8aBW6iHPFcZ3fAUWHYEgQG97ve9D9w5cKgpump: Preço na hora 19:50: 114811.12083108163, ATH: 286121.44819360564, Divisão: 2.49
2024-11-29 01:30:53,546 - INFO - Contrato 8DzoCht5SXd4Aj1fLrc8VPBe7m1JPGpfZ14ZBGsVpump: Preço na hora 19:50: 145085.7706620444, ATH: 232905.82874638776, Divisão: 1.61
2024-11-29 01:30:53,562 - INFO - Contrato DiqPACXXcNGHXoorKHvGWEWNQUuCrsx1RcbBG3xYpump: Preço na hora 19:34: 173888.684816256, ATH: 642089.9699990223, Divisão: 3.69
2024-11-29 01:30:53,567 - INFO - Contrato 7HSwks4UL5TzxerzWYMQdeKqpahcdv47jRk3MYp1pump: Preço na hora 19:19: 634439.9948269026, ATH: 1124709.056169038, Divisão: 1.77
2024-11-29 01:30:53,573 - INFO - Contrato EYE4zSgKaLDL51WtEZxgBLepoSTVAASiT1TKmNopump: Preço na hora 19:19: 162890.28977238265, ATH: 326538.8324636984, Divisão: 2.00
2024-11-29 01:30:53,580 - INFO - Contrato Gn4iCyum1gs3CzrwxjcsN9AfCCU3HNQ9HSawaKoXpump: Preço na hora 19:19: 296623.6380082961, ATH: 757454.2051146436, Divisão: 2.55
2024-11-29 01:30:53,586 - INFO - Contrato 8ayZaoAZGUejEqgaKG1pQ8upy8iXhDdevgCZAHodpump: Preço na hora 19:19: 574305.2997170109, ATH: 1322450.0372893317, Divisão: 2.30
2024-11-29 01:30:53,592 - INFO - Contrato ADhi4ymjq6pNxZftUkwTg8XYbyphp8DjgTHbKMr1pump: Preço na hora 19:19: 136757.5576551436, ATH: 419315.62572390435, Divisão: 3.07
2024-11-29 01:30:53,598 - INFO - Contrato Hj8tfLPmbcaRUHjNPSFLsju9zBDn3s15JJzd6AmqkTvP: Preço na hora 19:00: 61496272.813020244, ATH: 80953958.45303167, Divisão: 1.32
2024-11-29 07:15:46,253 - INFO - Contrato AR8TLC8aBW6iHPFcZ3fAUWHYEgQG97ve9D9w5cKgpump: Preço na hora 19:50: 114811.12083108163, ATH: 286121.44819360564, Divisão: 2.49
2024-11-29 07:15:46,286 - INFO - Contrato 8DzoCht5SXd4Aj1fLrc8VPBe7m1JPGpfZ14ZBGsVpump: Preço na hora 19:50: 145085.7706620444, ATH: 232905.82874638776, Divisão: 1.61
2024-11-29 07:15:46,322 - INFO - Contrato DiqPACXXcNGHXoorKHvGWEWNQUuCrsx1RcbBG3xYpump: Preço na hora 19:34: 173888.684816256, ATH: 642089.9699990223, Divisão: 3.69
2024-11-29 07:15:46,346 - INFO - Contrato 7HSwks4UL5TzxerzWYMQdeKqpahcdv47jRk3MYp1pump: Preço na hora 19:19: 634439.9948269026, ATH: 1124709.056169038, Divisão: 1.77
2024-11-29 07:15:46,363 - INFO - Contrato EYE4zSgKaLDL51WtEZxgBLepoSTVAASiT1TKmNopump: Preço na hora 19:19: 162890.28977238265, ATH: 326538.8324636984, Divisão: 2.00
2024-11-29 07:15:46,385 - INFO - Contrato Gn4iCyum1gs3CzrwxjcsN9AfCCU3HNQ9HSawaKoXpump: Preço na hora 19:19: 296623.6380082961, ATH: 757454.2051146436, Divisão: 2.55
2024-11-29 07:15:46,404 - INFO - Contrato 8ayZaoAZGUejEqgaKG1pQ8upy8iXhDdevgCZAHodpump: Preço na hora 19:19: 574305.2997170109, ATH: 1322450.0372893317, Divisão: 2.30
2024-11-29 07:15:46,427 - INFO - Contrato ADhi4ymjq6pNxZftUkwTg8XYbyphp8DjgTHbKMr1pump: Preço na hora 19:19: 136757.5576551436, ATH: 419315.62572390435, Divisão: 3.07
2024-11-29 07:15:46,450 - INFO - Contrato Hj8tfLPmbcaRUHjNPSFLsju9zBDn3s15JJzd6AmqkTvP: Preço na hora 19:00: 61496272.813020244, ATH: 80953958.45303167, Divisão: 1.32
2024-11-29 07:31:48,787 - INFO - Contrato AR8TLC8aBW6iHPFcZ3fAUWHYEgQG97ve9D9w5cKgpump: Preço na hora 19:50: 114811.12083108163, ATH: 286121.44819360564, Divisão: 2.49
2024-11-29 07:31:48,818 - INFO - Contrato 8DzoCht5SXd4Aj1fLrc8VPBe7m1JPGpfZ14ZBGsVpump: Preço na hora 19:50: 145085.7706620444, ATH: 232905.82874638776, Divisão: 1.61
2024-11-29 07:31:48,845 - INFO - Contrato DiqPACXXcNGHXoorKHvGWEWNQUuCrsx1RcbBG3xYpump: Preço na hora 19:34: 173888.684816256, ATH: 642089.9699990223, Divisão: 3.69
2024-11-29 07:31:48,866 - INFO - Contrato 7HSwks4UL5TzxerzWYMQdeKqpahcdv47jRk3MYp1pump: Preço na hora 19:19: 634439.9948269026, ATH: 1124709.056169038, Divisão: 1.77
2024-11-29 07:31:48,887 - INFO - Contrato EYE4zSgKaLDL51WtEZxgBLepoSTVAASiT1TKmNopump: Preço na hora 19:19: 162890.28977238265, ATH: 326538.8324636984, Divisão: 2.00
2024-11-29 07:31:48,908 - INFO - Contrato Gn4iCyum1gs3CzrwxjcsN9AfCCU3HNQ9HSawaKoXpump: Preço na hora 19:19: 296623.6380082961, ATH: 757454.2051146436, Divisão: 2.55
2024-11-29 07:31:48,925 - INFO - Contrato 8ayZaoAZGUejEqgaKG1pQ8upy8iXhDdevgCZAHodpump: Preço na hora 19:19: 574305.2997170109, ATH: 1322450.0372893317, Divisão: 2.30
2024-11-29 07:31:48,943 - INFO - Contrato ADhi4ymjq6pNxZftUkwTg8XYbyphp8DjgTHbKMr1pump: Preço na hora 19:19: 136757.5576551436, ATH: 419315.62572390435, Divisão: 3.07
2024-11-29 07:31:48,965 - INFO - Contrato Hj8tfLPmbcaRUHjNPSFLsju9zBDn3s15JJzd6AmqkTvP: Preço na hora 19:00: 61496272.813020244, ATH: 80953958.45303167, Divisão: 1.32
2024-11-29 08:48:43,498 - INFO - Contrato AR8TLC8aBW6iHPFcZ3fAUWHYEgQG97ve9D9w5cKgpump: Preço na hora 19:50: 114811.12083108163, ATH: 286121.44819360564, Divisão: 2.49
2024-11-29 08:48:43,530 - INFO - Contrato 8DzoCht5SXd4Aj1fLrc8VPBe7m1JPGpfZ14ZBGsVpump: Preço na hora 19:50: 145085.7706620444, ATH: 232905.82874638776, Divisão: 1.61
2024-11-29 08:48:43,547 - INFO - Contrato DiqPACXXcNGHXoorKHvGWEWNQUuCrsx1RcbBG3xYpump: Preço na hora 19:34: 173888.684816256, ATH: 642089.9699990223, Divisão: 3.69
2024-11-29 08:48:43,569 - INFO - Contrato 7HSwks4UL5TzxerzWYMQdeKqpahcdv47jRk3MYp1pump: Preço na hora 19:19: 634439.9948269026, ATH: 1124709.056169038, Divisão: 1.77
2024-11-29 08:48:43,588 - INFO - Contrato EYE4zSgKaLDL51WtEZxgBLepoSTVAASiT1TKmNopump: Preço na hora 19:19: 162890.28977238265, ATH: 326538.8324636984, Divisão: 2.00
2024-11-29 08:48:43,607 - INFO - Contrato Gn4iCyum1gs3CzrwxjcsN9AfCCU3HNQ9HSawaKoXpump: Preço na hora 19:19: 296623.6380082961, ATH: 757454.2051146436, Divisão: 2.55
2024-11-29 08:48:43,626 - INFO - Contrato 8ayZaoAZGUejEqgaKG1pQ8upy8iXhDdevgCZAHodpump: Preço na hora 19:19: 574305.2997170109, ATH: 1322450.0372893317, Divisão: 2.30
2024-11-29 08:48:43,646 - INFO - Contrato ADhi4ymjq6pNxZftUkwTg8XYbyphp8DjgTHbKMr1pump: Preço na hora 19:19: 136757.5576551436, ATH: 419315.62572390435, Divisão: 3.07
2024-11-29 08:48:43,668 - INFO - Contrato Hj8tfLPmbcaRUHjNPSFLsju9zBDn3s15JJzd6AmqkTvP: Preço na hora 19:00: 61496272.813020244, ATH: 80953958.45303167, Divisão: 1.32
2024-11-29 09:18:55,750 - ERROR - Erro ao processar o arquivo horarios.csv: 'NoneType' object has no attribute 'strip'
2024-11-29 09:20:42,450 - DEBUG - Processando linha: {'hour': '19:50', 'ca': 'AR8TLC8aBW6iHPFcZ3fAUWHYEgQG97ve9D9w5cKgpump'}
2024-11-29 09:20:42,450 - DEBUG - 'name' não encontrado na linha: {'hour': '19:50', 'ca': 'AR8TLC8aBW6iHPFcZ3fAUWHYEgQG97ve9D9w5cKgpump'}
2024-11-29 09:20:42,465 - DEBUG - Processando linha: {'hour': '19:50', 'ca': '8DzoCht5SXd4Aj1fLrc8VPBe7m1JPGpfZ14ZBGsVpump'}
2024-11-29 09:20:42,465 - DEBUG - 'name' não encontrado na linha: {'hour': '19:50', 'ca': '8DzoCht5SXd4Aj1fLrc8VPBe7m1JPGpfZ14ZBGsVpump'}
2024-11-29 09:20:42,495 - DEBUG - Processando linha: {'hour': '19:34', 'ca': 'DiqPACXXcNGHXoorKHvGWEWNQUuCrsx1RcbBG3xYpump'}
2024-11-29 09:20:42,496 - DEBUG - 'name' não encontrado na linha: {'hour': '19:34', 'ca': 'DiqPACXXcNGHXoorKHvGWEWNQUuCrsx1RcbBG3xYpump'}
2024-11-29 09:20:42,524 - DEBUG - Processando linha: {'hour': '19:19', 'ca': '7HSwks4UL5TzxerzWYMQdeKqpahcdv47jRk3MYp1pump'}
2024-11-29 09:20:42,524 - DEBUG - 'name' não encontrado na linha: {'hour': '19:19', 'ca': '7HSwks4UL5TzxerzWYMQdeKqpahcdv47jRk3MYp1pump'}
2024-11-29 09:20:42,533 - DEBUG - Processando linha: {'hour': '19:19', 'ca': 'EYE4zSgKaLDL51WtEZxgBLepoSTVAASiT1TKmNopump'}
2024-11-29 09:20:42,534 - DEBUG - 'name' não encontrado na linha: {'hour': '19:19', 'ca': 'EYE4zSgKaLDL51WtEZxgBLepoSTVAASiT1TKmNopump'}
2024-11-29 09:20:42,542 - DEBUG - Processando linha: {'hour': '19:19', 'ca': 'Gn4iCyum1gs3CzrwxjcsN9AfCCU3HNQ9HSawaKoXpump'}
2024-11-29 09:20:42,543 - DEBUG - 'name' não encontrado na linha: {'hour': '19:19', 'ca': 'Gn4iCyum1gs3CzrwxjcsN9AfCCU3HNQ9HSawaKoXpump'}
2024-11-29 09:20:42,554 - DEBUG - Processando linha: {'hour': '19:19', 'ca': '8ayZaoAZGUejEqgaKG1pQ8upy8iXhDdevgCZAHodpump'}
2024-11-29 09:20:42,555 - DEBUG - 'name' não encontrado na linha: {'hour': '19:19', 'ca': '8ayZaoAZGUejEqgaKG1pQ8upy8iXhDdevgCZAHodpump'}
2024-11-29 09:20:42,564 - DEBUG - Processando linha: {'hour': '19:19', 'ca': 'ADhi4ymjq6pNxZftUkwTg8XYbyphp8DjgTHbKMr1pump'}
2024-11-29 09:20:42,565 - DEBUG - 'name' não encontrado na linha: {'hour': '19:19', 'ca': 'ADhi4ymjq6pNxZftUkwTg8XYbyphp8DjgTHbKMr1pump'}
2024-11-29 09:20:42,575 - DEBUG - Processando linha: {'hour': '19:00', 'ca': 'Hj8tfLPmbcaRUHjNPSFLsju9zBDn3s15JJzd6AmqkTvP'}
2024-11-29 09:20:42,575 - DEBUG - 'name' não encontrado na linha: {'hour': '19:00', 'ca': 'Hj8tfLPmbcaRUHjNPSFLsju9zBDn3s15JJzd6AmqkTvP'}
2024-11-29 09:21:00,691 - DEBUG - Processando linha: {'hour': '19:50', 'ca': 'AR8TLC8aBW6iHPFcZ3fAUWHYEgQG97ve9D9w5cKgpump', 'name': '$COCKS'}
2024-11-29 09:21:00,707 - DEBUG - Processando linha: {'hour': '19:50', 'ca': '8DzoCht5SXd4Aj1fLrc8VPBe7m1JPGpfZ14ZBGsVpump', 'name': '$\u221e'}
2024-11-29 09:21:00,735 - DEBUG - Processando linha: {'hour': '19:34', 'ca': 'DiqPACXXcNGHXoorKHvGWEWNQUuCrsx1RcbBG3xYpump', 'name': '$CYBERSQRL'}
2024-11-29 09:21:00,761 - DEBUG - Processando linha: {'hour': '19:19', 'ca': '7HSwks4UL5TzxerzWYMQdeKqpahcdv47jRk3MYp1pump', 'name': '$GRINCHGUY'}
2024-11-29 09:21:00,772 - DEBUG - Processando linha: {'hour': '19:19', 'ca': 'EYE4zSgKaLDL51WtEZxgBLepoSTVAASiT1TKmNopump', 'name': '$GYATMAS'}
2024-11-29 09:21:00,782 - DEBUG - Processando linha: {'hour': '19:19', 'ca': 'Gn4iCyum1gs3CzrwxjcsN9AfCCU3HNQ9HSawaKoXpump', 'name': '$MrsGrinch'}
2024-11-29 09:21:00,794 - DEBUG - Processando linha: {'hour': '19:19', 'ca': '8ayZaoAZGUejEqgaKG1pQ8upy8iXhDdevgCZAHodpump', 'name': '$SANTAI'}
2024-11-29 09:21:00,804 - DEBUG - Processando linha: {'hour': '19:19', 'ca': 'ADhi4ymjq6pNxZftUkwTg8XYbyphp8DjgTHbKMr1pump', 'name': '$\u2615\ufe0f'}
2024-11-29 09:21:00,815 - DEBUG - Processando linha: {'hour': '19:00', 'ca': 'Hj8tfLPmbcaRUHjNPSFLsju9zBDn3s15JJzd6AmqkTvP', 'name': 'CHADMUSK'}
